Change Physical Footprint: Designator=C1 Old Footprint=Cap 0.330uF New Footprint=Cap 0.330uF
Change Physical Footprint: Designator=C2 Old Footprint=Cap 0.330uF New Footprint=Cap 0.330uF
Change Physical Footprint: Designator=C3 Old Footprint=CAP 1nF New Footprint=CAP 1nF
Change Physical Footprint: Designator=C4 Old Footprint=CAP 0.1uF New Footprint=CAP 0.1uF
Change Physical Footprint: Designator=C5 Old Footprint=CAP 0.1uF New Footprint=CAP 0.1uF
Change Physical Footprint: Designator=C6 Old Footprint=CAP 10nF New Footprint=CAP 10nF
Change Physical Footprint: Designator=C7 Old Footprint=CAP 1.5nF New Footprint=CAP 1.5nF
Change Physical Footprint: Designator=R1 Old Footprint=RESISTOR 1.4M New Footprint=RESISTOR 1.4M
Change Physical Footprint: Designator=R2 Old Footprint=RESISTOR 10M New Footprint=RESISTOR 10M
Change Physical Footprint: Designator=R3 Old Footprint=RESISTOR 180K New Footprint=RESISTOR 180K
Change Physical Footprint: Designator=R4 Old Footprint=RESISTOR 10M New Footprint=RESISTOR 10M
Change Physical Footprint: Designator=R5 Old Footprint=RESISTOR 10M New Footprint=RESISTOR 10M
Change Physical Footprint: Designator=R6 Old Footprint=RESISTOR 10M New Footprint=RESISTOR 10M
Change Physical Footprint: Designator=R7 Old Footprint=RESISTOR 180K New Footprint=RESISTOR 180K
Change Physical Footprint: Designator=R8 Old Footprint=RESISTOR 360K New Footprint=RESISTOR 360K
Change Physical Footprint: Designator=R9 Old Footprint=RESISTOR 10M New Footprint=RESISTOR 10M
Change Physical Footprint: Designator=R10 Old Footprint=RESISTOR 10M New Footprint=RESISTOR 10M
Change Physical Footprint: Designator=R11 Old Footprint=RESISTOR 1M New Footprint=RESISTOR 1M
Change Physical Footprint: Designator=R12 Old Footprint=RESISTOR 1M New Footprint=RESISTOR 1M
Change Physical Footprint: Designator=R13 Old Footprint=RESISTOR 100K New Footprint=RESISTOR 100K
Change Physical Footprint: Designator=R14 Old Footprint=RESISTOR 1M New Footprint=RESISTOR 1M
Change Physical Footprint: Designator=R15 Old Footprint=RESISTOR 100K New Footprint=RESISTOR 100K
Change Physical Footprint: Designator=R16 Old Footprint=RESISTOR 100K New Footprint=RESISTOR 100K
Change Physical Footprint: Designator=R17 Old Footprint=RESISTOR 100K New Footprint=RESISTOR 100K
Change Physical Footprint: Designator=R18 Old Footprint=RESISTOR 100K New Footprint=RESISTOR 100K
Change Physical Footprint: Designator=R19 Old Footprint=RESISTOR 100K New Footprint=RESISTOR 100K
Change Physical Footprint: Designator=U1 Old Footprint=*LFCSP_20_AD8232(Primary) New Footprint=*LFCSP_20_AD8232(Primary)
